<?xml version="1.0" encoding="UTF-8"?>
<!-- Generated by org.testng.reporters.JUnitReportReporter -->
<testsuite skipped="0" hostname="MENDES" name="testcasesyoutube.Testvalidsignin" tests="1" failures="0" timestamp="27 Jan 2018 02:50:30 GMT" time="26.869" errors="0">
  <testcase name="login" time="26.869" classname="testcasesyoutube.Testvalidsignin"/>
</testsuite> <!-- testcasesyoutube.Testvalidsignin -->
