<?xml version="1.0" encoding="UTF-8"?>
<!-- Generated by org.testng.reporters.JUnitReportReporter -->
<testsuite skipped="0" hostname="MENDES" name="testcasesyoutube.TestInvalidPass" tests="1" failures="0" timestamp="27 Jan 2018 02:50:31 GMT" time="27.916" errors="0">
  <testcase name="invalidPassword" time="27.916" classname="testcasesyoutube.TestInvalidPass"/>
</testsuite> <!-- testcasesyoutube.TestInvalidPass -->
