<?xml version="1.0" encoding="UTF-8"?>
<!-- Generated by org.testng.reporters.JUnitReportReporter -->
<testsuite skipped="0" hostname="MENDES" name="googlesheetspage.TestGoogleSheetsPage" tests="1" failures="0" timestamp="27 Jan 2018 01:49:55 GMT" time="52.928" errors="0">
  <testcase name="testingSearch" time="52.928" classname="googlesheetspage.TestGoogleSheetsPage"/>
</testsuite> <!-- googlesheetspage.TestGoogleSheetsPage -->
