<?xml version="1.0" encoding="UTF-8"?>
<!-- Generated by org.testng.reporters.JUnitReportReporter -->
<testsuite skipped="0" hostname="MENDES" name="testcaseshuff.TestHomePage" tests="1" failures="0" timestamp="27 Jan 2018 02:11:06 GMT" time="64.047" errors="0">
  <testcase name="testMenu" time="64.047" classname="testcaseshuff.TestHomePage"/>
</testsuite> <!-- testcaseshuff.TestHomePage -->
