<?xml version="1.0" encoding="UTF-8"?>
<!-- Generated by org.testng.reporters.JUnitReportReporter -->
<testsuite skipped="0" hostname="MENDES" name="testcaseshuff.TestPoliticsCategory" tests="2" failures="0" timestamp="27 Jan 2018 02:11:06 GMT" time="49.356" errors="0">
  <testcase name="testPolitics" time="26.007" classname="testcaseshuff.TestPoliticsCategory"/>
  <testcase name="testTrump" time="23.349" classname="testcaseshuff.TestPoliticsCategory"/>
</testsuite> <!-- testcaseshuff.TestPoliticsCategory -->
